<?xml version="1.0" encoding="UTF-8"?>
<!-- Generated by org.testng.reporters.JUnitXMLReporter -->
<testsuite ignored="0" hostname="SHIVA-FCS1SVCT" failures="0" tests="5" name="Test" time="0.047" errors="0" timestamp="2024-06-14T23:02:35 IST">
  <testcase classname="pgrm_exmples.Ex1" name="shiva1" time="0.008"/>
  <testcase classname="pgrm_exmples.Ex2" name="shiva2" time="0.001"/>
  <testcase classname="pgrm_exmples.Ex3" name="shiva3" time="0.001"/>
  <testcase classname="pgrm_exmples.Ex4" name="shiva4" time="0.001"/>
  <testcase classname="pgrm_exmples.Ex5" name="shiva5" time="0.002"/>
</testsuite> <!-- Test -->
