<?xml version="1.0" encoding="UTF-8"?>
<testng-results ignored="0" total="1" passed="1" failed="0" skipped="0">
  <reporter-output>
  </reporter-output>
  <suite started-at="2024-06-13T00:15:31 IST" name="Default suite" finished-at="2024-06-13T00:15:31 IST" duration-ms="42">
    <groups>
    </groups>
    <test started-at="2024-06-13T00:15:31 IST" name="Default test" finished-at="2024-06-13T00:15:31 IST" duration-ms="42">
      <class name="testNG_Example.TestNG_">
        <test-method signature="shiva()[pri:0, instance:testNG_Example.TestNG_@10e92f8f]" started-at="2024-06-13T00:15:31 IST" name="shiva" finished-at="2024-06-13T00:15:31 IST" duration-ms="9" status="PASS">
          <reporter-output>
          </reporter-output>
        </test-method> <!-- shiva -->
      </class> <!-- testNG_Example.TestNG_ -->
    </test> <!-- Default test -->
  </suite> <!-- Default suite -->
</testng-results>
