<?xml version="1.0" encoding="UTF-8"?>
<testng-results ignored="1" total="5" passed="4" failed="0" skipped="0">
  <reporter-output>
  </reporter-output>
  <suite started-at="2024-06-25T03:13:31 IST" name="Only_System" finished-at="2024-06-25T03:13:31 IST" duration-ms="53">
    <groups>
      <group name="smoke">
        <method signature="GroupingInTestNG.TestCase3()[pri:0, instance:testNG_essencials.GroupingInTestNG@243c4f91]" name="TestCase3" class="testNG_essencials.GroupingInTestNG"/>
        <method signature="GroupingInTestNG.TestCase5()[pri:0, instance:testNG_essencials.GroupingInTestNG@243c4f91]" name="TestCase5" class="testNG_essencials.GroupingInTestNG"/>
      </group> <!-- smoke -->
      <group name="System">
        <method signature="GroupingInTestNG.TestCase2()[pri:0, instance:testNG_essencials.GroupingInTestNG@243c4f91]" name="TestCase2" class="testNG_essencials.GroupingInTestNG"/>
        <method signature="GroupingInTestNG.TestCase3()[pri:0, instance:testNG_essencials.GroupingInTestNG@243c4f91]" name="TestCase3" class="testNG_essencials.GroupingInTestNG"/>
        <method signature="GroupingInTestNG.TestCase4()[pri:0, instance:testNG_essencials.GroupingInTestNG@243c4f91]" name="TestCase4" class="testNG_essencials.GroupingInTestNG"/>
        <method signature="GroupingInTestNG.TestCase5()[pri:0, instance:testNG_essencials.GroupingInTestNG@243c4f91]" name="TestCase5" class="testNG_essencials.GroupingInTestNG"/>
      </group> <!-- System -->
    </groups>
    <test started-at="2024-06-25T03:13:31 IST" name="TesingOnlySystemGroup" finished-at="2024-06-25T03:13:31 IST" duration-ms="53">
      <class name="testNG_essencials.GroupingInTestNG">
        <test-method signature="TestCase2()[pri:0, instance:testNG_essencials.GroupingInTestNG@243c4f91]" started-at="2024-06-25T03:13:31 IST" name="TestCase2" finished-at="2024-06-25T03:13:31 IST" duration-ms="11" status="PASS">
          <reporter-output>
          </reporter-output>
        </test-method> <!-- TestCase2 -->
        <test-method signature="TestCase3()[pri:0, instance:testNG_essencials.GroupingInTestNG@243c4f91]" started-at="2024-06-25T03:13:31 IST" name="TestCase3" finished-at="2024-06-25T03:13:31 IST" duration-ms="0" status="PASS">
          <reporter-output>
          </reporter-output>
        </test-method> <!-- TestCase3 -->
        <test-method signature="TestCase4()[pri:0, instance:testNG_essencials.GroupingInTestNG@243c4f91]" started-at="2024-06-25T03:13:31 IST" name="TestCase4" finished-at="2024-06-25T03:13:31 IST" duration-ms="1" status="PASS">
          <reporter-output>
          </reporter-output>
        </test-method> <!-- TestCase4 -->
        <test-method signature="TestCase5()[pri:0, instance:testNG_essencials.GroupingInTestNG@243c4f91]" started-at="2024-06-25T03:13:31 IST" name="TestCase5" finished-at="2024-06-25T03:13:31 IST" duration-ms="2" status="PASS">
          <reporter-output>
          </reporter-output>
        </test-method> <!-- TestCase5 -->
      </class> <!-- testNG_essencials.GroupingInTestNG -->
    </test> <!-- TesingOnlySystemGroup -->
  </suite> <!-- Only_System -->
</testng-results>
