<?xml version="1.0" encoding="UTF-8"?>
<testng-results ignored="0" total="4" passed="4" failed="0" skipped="0">
  <reporter-output>
  </reporter-output>
  <suite started-at="2024-06-26T02:29:21 IST" name="Suite" finished-at="2024-06-26T02:29:57 IST" duration-ms="35544">
    <groups>
    </groups>
    <test started-at="2024-06-26T02:29:21 IST" name="Test" finished-at="2024-06-26T02:29:57 IST" duration-ms="35544">
      <class name="amazon_Scenarios.Amazon_Scene3">
        <test-method is-config="true" signature="Amazon_Login()[pri:0, instance:amazon_Scenarios.Amazon_Scene3@4dc8caa7]" started-at="2024-06-26T02:29:21 IST" name="Amazon_Login" finished-at="2024-06-26T02:29:26 IST" duration-ms="4369" status="PASS">
          <reporter-output>
          </reporter-output>
        </test-method> <!-- Amazon_Login -->
        <test-method signature="Scene3()[pri:3, instance:amazon_Scenarios.Amazon_Scene3@4dc8caa7]" started-at="2024-06-26T02:29:26 IST" name="Scene3" finished-at="2024-06-26T02:29:27 IST" duration-ms="979" status="PASS">
          <reporter-output>
          </reporter-output>
        </test-method> <!-- Scene3 -->
        <test-method is-config="true" signature="Amazon_Close()[pri:0, instance:amazon_Scenarios.Amazon_Scene3@4dc8caa7]" started-at="2024-06-26T02:29:27 IST" name="Amazon_Close" finished-at="2024-06-26T02:29:28 IST" duration-ms="1344" status="PASS">
          <reporter-output>
          </reporter-output>
        </test-method> <!-- Amazon_Close -->
      </class> <!-- amazon_Scenarios.Amazon_Scene3 -->
      <class name="amazon_Scenarios.Amazon_Scene4">
        <test-method is-config="true" signature="Amazon_Login()[pri:0, instance:amazon_Scenarios.Amazon_Scene4@1506f20f]" started-at="2024-06-26T02:29:28 IST" name="Amazon_Login" finished-at="2024-06-26T02:29:34 IST" duration-ms="5593" status="PASS">
          <reporter-output>
          </reporter-output>
        </test-method> <!-- Amazon_Login -->
        <test-method signature="Scene4()[pri:4, instance:amazon_Scenarios.Amazon_Scene4@1506f20f]" started-at="2024-06-26T02:29:34 IST" name="Scene4" finished-at="2024-06-26T02:29:35 IST" duration-ms="893" status="PASS">
          <reporter-output>
          </reporter-output>
        </test-method> <!-- Scene4 -->
        <test-method is-config="true" signature="Amazon_Close()[pri:0, instance:amazon_Scenarios.Amazon_Scene4@1506f20f]" started-at="2024-06-26T02:29:35 IST" name="Amazon_Close" finished-at="2024-06-26T02:29:36 IST" duration-ms="1055" status="PASS">
          <reporter-output>
          </reporter-output>
        </test-method> <!-- Amazon_Close -->
      </class> <!-- amazon_Scenarios.Amazon_Scene4 -->
      <class name="amazon_Scenarios.Amazon_Scene1">
        <test-method is-config="true" signature="Amazon_Login()[pri:0, instance:amazon_Scenarios.Amazon_Scene1@788fcafb]" started-at="2024-06-26T02:29:36 IST" name="Amazon_Login" finished-at="2024-06-26T02:29:44 IST" duration-ms="7962" status="PASS">
          <reporter-output>
          </reporter-output>
        </test-method> <!-- Amazon_Login -->
        <test-method signature="scene1()[pri:1, instance:amazon_Scenarios.Amazon_Scene1@788fcafb]" started-at="2024-06-26T02:29:44 IST" name="scene1" finished-at="2024-06-26T02:29:45 IST" duration-ms="1731" status="PASS">
          <reporter-output>
          </reporter-output>
        </test-method> <!-- scene1 -->
        <test-method is-config="true" signature="Amazon_Close()[pri:0, instance:amazon_Scenarios.Amazon_Scene1@788fcafb]" started-at="2024-06-26T02:29:45 IST" name="Amazon_Close" finished-at="2024-06-26T02:29:47 IST" duration-ms="1201" status="PASS">
          <reporter-output>
          </reporter-output>
        </test-method> <!-- Amazon_Close -->
      </class> <!-- amazon_Scenarios.Amazon_Scene1 -->
      <class name="amazon_Scenarios.Amazon_Scene2">
        <test-method is-config="true" signature="Amazon_Login()[pri:0, instance:amazon_Scenarios.Amazon_Scene2@15eebbff]" started-at="2024-06-26T02:29:47 IST" name="Amazon_Login" finished-at="2024-06-26T02:29:54 IST" duration-ms="7572" status="PASS">
          <reporter-output>
          </reporter-output>
        </test-method> <!-- Amazon_Login -->
        <test-method signature="Scene2()[pri:2, instance:amazon_Scenarios.Amazon_Scene2@15eebbff]" started-at="2024-06-26T02:29:54 IST" name="Scene2" finished-at="2024-06-26T02:29:56 IST" duration-ms="1608" status="PASS">
          <reporter-output>
          </reporter-output>
        </test-method> <!-- Scene2 -->
        <test-method is-config="true" signature="Amazon_Close()[pri:0, instance:amazon_Scenarios.Amazon_Scene2@15eebbff]" started-at="2024-06-26T02:29:56 IST" name="Amazon_Close" finished-at="2024-06-26T02:29:57 IST" duration-ms="1191" status="PASS">
          <reporter-output>
          </reporter-output>
        </test-method> <!-- Amazon_Close -->
      </class> <!-- amazon_Scenarios.Amazon_Scene2 -->
    </test> <!-- Test -->
  </suite> <!-- Suite -->
</testng-results>
